# JRE version: Java(TM) SE Runtime Environment (8.0_221-b11) (build 1.8.0_221-b11)
# Java VM: Java HotSpot(TM) 64-Bit Server VM (25.221-b11 mixed mode windows-amd64 compressed oops)
Heap:
 PSYoungGen      total 49664K, used 47240K [0x000000076b300000, 0x0000000770400000, 0x00000007c0000000)
  eden space 49152K, 95% used [0x000000076b300000,0x000000076e0ea1e8,0x000000076e300000)
  from space 512K, 43% used [0x0000000770380000,0x00000007703b8000,0x0000000770400000)
  to   space 512K, 0% used [0x0000000770300000,0x0000000770300000,0x0000000770380000)
 ParOldGen       total 219136K, used 124729K [0x00000006c1800000, 0x00000006cee00000, 0x000000076b300000)
  object space 219136K, 56% used [0x00000006c1800000,0x00000006c91ce6f8,0x00000006cee00000)
 Metaspace       used 75837K, capacity 79284K, committed 79508K, reserved 1118208K
  class space    used 9761K, capacity 10348K, committed 10428K, reserved 1048576K
GC Heap History (10 events):
Event: 31387.073 GC heap before
{Heap before GC invocations=30805 (full 3):
 PSYoungGen      total 49664K, used 49312K [0x000000076b300000, 0x0000000770400000, 0x00000007c0000000)
  eden space 49152K, 100% used [0x000000076b300000,0x000000076e300000,0x000000076e300000)
  from space 512K, 31% used [0x0000000770300000,0x0000000770328000,0x0000000770380000)
  to   space 512K, 0% used [0x0000000770380000,0x0000000770380000,0x0000000770400000)
 ParOldGen       total 219136K, used 124729K [0x00000006c1800000, 0x00000006cee00000, 0x000000076b300000)
  object space 219136K, 56% used [0x00000006c1800000,0x00000006c91ce6f8,0x00000006cee00000)
 Metaspace       used 75837K, capacity 79284K, committed 79508K, reserved 1118208K
  class space    used 9761K, capacity 10348K, committed 10428K, reserved 1048576K
Event: 31387.075 GC heap after
Heap after GC invocations=30805 (full 3):
 PSYoungGen      total 49664K, used 192K [0x000000076b300000, 0x0000000770400000, 0x00000007c0000000)
  eden space 49152K, 0% used [0x000000076b300000,0x000000076b300000,0x000000076e300000)
  from space 512K, 37% used [0x0000000770380000,0x00000007703b0000,0x0000000770400000)
  to   space 512K, 0% used [0x0000000770300000,0x0000000770300000,0x0000000770380000)
 ParOldGen       total 219136K, used 124729K [0x00000006c1800000, 0x00000006cee00000, 0x000000076b300000)
  object space 219136K, 56% used [0x00000006c1800000,0x00000006c91ce6f8,0x00000006cee00000)
 Metaspace       used 75837K, capacity 79284K, committed 79508K, reserved 1118208K
  class space    used 9761K, capacity 10348K, committed 10428K, reserved 1048576K
}
Event: 31387.405 GC heap before
{Heap before GC invocations=30806 (full 3):
 PSYoungGen      total 49664K, used 49344K [0x000000076b300000, 0x0000000770400000, 0x00000007c0000000)
  eden space 49152K, 100% used [0x000000076b300000,0x000000076e300000,0x000000076e300000)
  from space 512K, 37% used [0x0000000770380000,0x00000007703b0000,0x0000000770400000)
  to   space 512K, 0% used [0x0000000770300000,0x0000000770300000,0x0000000770380000)
 ParOldGen       total 219136K, used 124729K [0x00000006c1800000, 0x00000006cee00000, 0x000000076b300000)
  object space 219136K, 56% used [0x00000006c1800000,0x00000006c91ce6f8,0x00000006cee00000)
 Metaspace       used 75837K, capacity 79284K, committed 79508K, reserved 1118208K
  class space    used 9761K, capacity 10348K, committed 10428K, reserved 1048576K
Event: 31387.408 GC heap after
Heap after GC invocations=30806 (full 3):
 PSYoungGen      total 49664K, used 160K [0x000000076b300000, 0x0000000770400000, 0x00000007c0000000)
  eden space 49152K, 0% used [0x000000076b300000,0x000000076b300000,0x000000076e300000)
  from space 512K, 31% used [0x0000000770300000,0x0000000770328000,0x0000000770380000)
  to   space 512K, 0% used [0x0000000770380000,0x0000000770380000,0x0000000770400000)
 ParOldGen       total 219136K, used 124729K [0x00000006c1800000, 0x00000006cee00000, 0x000000076b300000)
  object space 219136K, 56% used [0x00000006c1800000,0x00000006c91ce6f8,0x00000006cee00000)
 Metaspace       used 75837K, capacity 79284K, committed 79508K, reserved 1118208K
  class space    used 9761K, capacity 10348K, committed 10428K, reserved 1048576K
}
Event: 31387.688 GC heap before
{Heap before GC invocations=30807 (full 3):
 PSYoungGen      total 49664K, used 49312K [0x000000076b300000, 0x0000000770400000, 0x00000007c0000000)
  eden space 49152K, 100% used [0x000000076b300000,0x000000076e300000,0x000000076e300000)
  from space 512K, 31% used [0x0000000770300000,0x0000000770328000,0x0000000770380000)
  to   space 512K, 0% used [0x0000000770380000,0x0000000770380000,0x0000000770400000)
 ParOldGen       total 219136K, used 124729K [0x00000006c1800000, 0x00000006cee00000, 0x000000076b300000)
  object space 219136K, 56% used [0x00000006c1800000,0x00000006c91ce6f8,0x00000006cee00000)
 Metaspace       used 75837K, capacity 79284K, committed 79508K, reserved 1118208K
  class space    used 9761K, capacity 10348K, committed 10428K, reserved 1048576K
Event: 31387.691 GC heap after
Heap after GC invocations=30807 (full 3):
 PSYoungGen      total 49664K, used 224K [0x000000076b300000, 0x0000000770400000, 0x00000007c0000000)
  eden space 49152K, 0% used [0x000000076b300000,0x000000076b300000,0x000000076e300000)
  from space 512K, 43% used [0x0000000770380000,0x00000007703b8000,0x0000000770400000)
  to   space 512K, 0% used [0x0000000770300000,0x0000000770300000,0x0000000770380000)
 ParOldGen       total 219136K, used 124729K [0x00000006c1800000, 0x00000006cee00000, 0x000000076b300000)
  object space 219136K, 56% used [0x00000006c1800000,0x00000006c91ce6f8,0x00000006cee00000)
 Metaspace       used 75837K, capacity 79284K, committed 79508K, reserved 1118208K
  class space    used 9761K, capacity 10348K, committed 10428K, reserved 1048576K
}
Event: 31388.055 GC heap before
{Heap before GC invocations=30808 (full 3):
 PSYoungGen      total 49664K, used 49376K [0x000000076b300000, 0x0000000770400000, 0x00000007c0000000)
  eden space 49152K, 100% used [0x000000076b300000,0x000000076e300000,0x000000076e300000)
  from space 512K, 43% used [0x0000000770380000,0x00000007703b8000,0x0000000770400000)
  to   space 512K, 0% used [0x0000000770300000,0x0000000770300000,0x0000000770380000)
 ParOldGen       total 219136K, used 124729K [0x00000006c1800000, 0x00000006cee00000, 0x000000076b300000)
  object space 219136K, 56% used [0x00000006c1800000,0x00000006c91ce6f8,0x00000006cee00000)
 Metaspace       used 75837K, capacity 79284K, committed 79508K, reserved 1118208K
  class space    used 9761K, capacity 10348K, committed 10428K, reserved 1048576K
Event: 31388.057 GC heap after
Heap after GC invocations=30808 (full 3):
 PSYoungGen      total 49664K, used 224K [0x000000076b300000, 0x0000000770400000, 0x00000007c0000000)
  eden space 49152K, 0% used [0x000000076b300000,0x000000076b300000,0x000000076e300000)
  from space 512K, 43% used [0x0000000770300000,0x0000000770338000,0x0000000770380000)
  to   space 512K, 0% used [0x0000000770380000,0x0000000770380000,0x0000000770400000)
 ParOldGen       total 219136K, used 124729K [0x00000006c1800000, 0x00000006cee00000, 0x000000076b300000)
  object space 219136K, 56% used [0x00000006c1800000,0x00000006c91ce6f8,0x00000006cee00000)
 Metaspace       used 75837K, capacity 79284K, committed 79508K, reserved 1118208K
  class space    used 9761K, capacity 10348K, committed 10428K, reserved 1048576K
}
Event: 31388.445 GC heap before
{Heap before GC invocations=30809 (full 3):
 PSYoungGen      total 49664K, used 49376K [0x000000076b300000, 0x0000000770400000, 0x00000007c0000000)
  eden space 49152K, 100% used [0x000000076b300000,0x000000076e300000,0x000000076e300000)
  from space 512K, 43% used [0x0000000770300000,0x0000000770338000,0x0000000770380000)
  to   space 512K, 0% used [0x0000000770380000,0x0000000770380000,0x0000000770400000)
 ParOldGen       total 219136K, used 124729K [0x00000006c1800000, 0x00000006cee00000, 0x000000076b300000)
  object space 219136K, 56% used [0x00000006c1800000,0x00000006c91ce6f8,0x00000006cee00000)
 Metaspace       used 75837K, capacity 79284K, committed 79508K, reserved 1118208K
  class space    used 9761K, capacity 10348K, committed 10428K, reserved 1048576K
Event: 31388.448 GC heap after
Heap after GC invocations=30809 (full 3):
 PSYoungGen      total 49664K, used 224K [0x000000076b300000, 0x0000000770400000, 0x00000007c0000000)
  eden space 49152K, 0% used [0x000000076b300000,0x000000076b300000,0x000000076e300000)
  from space 512K, 43% used [0x0000000770380000,0x00000007703b8000,0x0000000770400000)
  to   space 512K, 0% used [0x0000000770300000,0x0000000770300000,0x0000000770380000)
 ParOldGen       total 219136K, used 124729K [0x00000006c1800000, 0x00000006cee00000, 0x000000076b300000)
  object space 219136K, 56% used [0x00000006c1800000,0x00000006c91ce6f8,0x00000006cee00000)
 Metaspace       used 75837K, capacity 79284K, committed 79508K, reserved 1118208K
  class space    used 9761K, capacity 10348K, committed 10428K, reserved 1048576K
}

