Heap:
 PSYoungGen      total 45056K, used 26371K [0x000000076b300000, 0x000000076ed00000, 0x00000007c0000000)
  eden space 44544K, 58% used [0x000000076b300000,0x000000076cc80d78,0x000000076de80000)
  from space 512K, 50% used [0x000000076ec00000,0x000000076ec40000,0x000000076ec80000)
  to   space 512K, 0% used [0x000000076ec80000,0x000000076ec80000,0x000000076ed00000)
 ParOldGen       total 167424K, used 94291K [0x00000006c1800000, 0x00000006cbb80000, 0x000000076b300000)
  object space 167424K, 56% used [0x00000006c1800000,0x00000006c7414fc8,0x00000006cbb80000)
 Metaspace       used 54748K, capacity 57378K, committed 57640K, reserved 1099776K
  class space    used 7149K, capacity 7601K, committed 7728K, reserved 1048576K
GC Heap History (10 events):
Event: 64100.887 GC heap before
{Heap before GC invocations=15905 (full 2):
 PSYoungGen      total 45056K, used 44736K [0x000000076b300000, 0x000000076ed00000, 0x00000007c0000000)
  eden space 44544K, 100% used [0x000000076b300000,0x000000076de80000,0x000000076de80000)
  from space 512K, 37% used [0x000000076ec80000,0x000000076ecb0000,0x000000076ed00000)
  to   space 512K, 0% used [0x000000076ec00000,0x000000076ec00000,0x000000076ec80000)
 ParOldGen       total 167424K, used 94291K [0x00000006c1800000, 0x00000006cbb80000, 0x000000076b300000)
  object space 167424K, 56% used [0x00000006c1800000,0x00000006c7414fc8,0x00000006cbb80000)
 Metaspace       used 54748K, capacity 57378K, committed 57640K, reserved 1099776K
  class space    used 7149K, capacity 7601K, committed 7728K, reserved 1048576K
Event: 64100.889 GC heap after
Heap after GC invocations=15905 (full 2):
 PSYoungGen      total 45056K, used 224K [0x000000076b300000, 0x000000076ed00000, 0x00000007c0000000)
  eden space 44544K, 0% used [0x000000076b300000,0x000000076b300000,0x000000076de80000)
  from space 512K, 43% used [0x000000076ec00000,0x000000076ec38000,0x000000076ec80000)
  to   space 512K, 0% used [0x000000076ec80000,0x000000076ec80000,0x000000076ed00000)
 ParOldGen       total 167424K, used 94291K [0x00000006c1800000, 0x00000006cbb80000, 0x000000076b300000)
  object space 167424K, 56% used [0x00000006c1800000,0x00000006c7414fc8,0x00000006cbb80000)
 Metaspace       used 54748K, capacity 57378K, committed 57640K, reserved 1099776K
  class space    used 7149K, capacity 7601K, committed 7728K, reserved 1048576K
}
Event: 64105.315 GC heap before
{Heap before GC invocations=15906 (full 2):
 PSYoungGen      total 45056K, used 44768K [0x000000076b300000, 0x000000076ed00000, 0x00000007c0000000)
  eden space 44544K, 100% used [0x000000076b300000,0x000000076de80000,0x000000076de80000)
  from space 512K, 43% used [0x000000076ec00000,0x000000076ec38000,0x000000076ec80000)
  to   space 512K, 0% used [0x000000076ec80000,0x000000076ec80000,0x000000076ed00000)
 ParOldGen       total 167424K, used 94291K [0x00000006c1800000, 0x00000006cbb80000, 0x000000076b300000)
  object space 167424K, 56% used [0x00000006c1800000,0x00000006c7414fc8,0x00000006cbb80000)
 Metaspace       used 54748K, capacity 57378K, committed 57640K, reserved 1099776K
  class space    used 7149K, capacity 7601K, committed 7728K, reserved 1048576K
Event: 64105.317 GC heap after
Heap after GC invocations=15906 (full 2):
 PSYoungGen      total 45056K, used 96K [0x000000076b300000, 0x000000076ed00000, 0x00000007c0000000)
  eden space 44544K, 0% used [0x000000076b300000,0x000000076b300000,0x000000076de80000)
  from space 512K, 18% used [0x000000076ec80000,0x000000076ec98000,0x000000076ed00000)
  to   space 512K, 0% used [0x000000076ec00000,0x000000076ec00000,0x000000076ec80000)
 ParOldGen       total 167424K, used 94291K [0x00000006c1800000, 0x00000006cbb80000, 0x000000076b300000)
  object space 167424K, 56% used [0x00000006c1800000,0x00000006c7414fc8,0x00000006cbb80000)
 Metaspace       used 54748K, capacity 57378K, committed 57640K, reserved 1099776K
  class space    used 7149K, capacity 7601K, committed 7728K, reserved 1048576K
}
Event: 64109.888 GC heap before
{Heap before GC invocations=15907 (full 2):
 PSYoungGen      total 45056K, used 44640K [0x000000076b300000, 0x000000076ed00000, 0x00000007c0000000)
  eden space 44544K, 100% used [0x000000076b300000,0x000000076de80000,0x000000076de80000)
  from space 512K, 18% used [0x000000076ec80000,0x000000076ec98000,0x000000076ed00000)
  to   space 512K, 0% used [0x000000076ec00000,0x000000076ec00000,0x000000076ec80000)
 ParOldGen       total 167424K, used 94291K [0x00000006c1800000, 0x00000006cbb80000, 0x000000076b300000)
  object space 167424K, 56% used [0x00000006c1800000,0x00000006c7414fc8,0x00000006cbb80000)
 Metaspace       used 54748K, capacity 57378K, committed 57640K, reserved 1099776K
  class space    used 7149K, capacity 7601K, committed 7728K, reserved 1048576K
Event: 64109.890 GC heap after
Heap after GC invocations=15907 (full 2):
 PSYoungGen      total 45056K, used 224K [0x000000076b300000, 0x000000076ed00000, 0x00000007c0000000)
  eden space 44544K, 0% used [0x000000076b300000,0x000000076b300000,0x000000076de80000)
  from space 512K, 43% used [0x000000076ec00000,0x000000076ec38000,0x000000076ec80000)
  to   space 512K, 0% used [0x000000076ec80000,0x000000076ec80000,0x000000076ed00000)
 ParOldGen       total 167424K, used 94291K [0x00000006c1800000, 0x00000006cbb80000, 0x000000076b300000)
  object space 167424K, 56% used [0x00000006c1800000,0x00000006c7414fc8,0x00000006cbb80000)
 Metaspace       used 54748K, capacity 57378K, committed 57640K, reserved 1099776K
  class space    used 7149K, capacity 7601K, committed 7728K, reserved 1048576K
}
Event: 64114.416 GC heap before
{Heap before GC invocations=15908 (full 2):
 PSYoungGen      total 45056K, used 44768K [0x000000076b300000, 0x000000076ed00000, 0x00000007c0000000)
  eden space 44544K, 100% used [0x000000076b300000,0x000000076de80000,0x000000076de80000)
  from space 512K, 43% used [0x000000076ec00000,0x000000076ec38000,0x000000076ec80000)
  to   space 512K, 0% used [0x000000076ec80000,0x000000076ec80000,0x000000076ed00000)
 ParOldGen       total 167424K, used 94291K [0x00000006c1800000, 0x00000006cbb80000, 0x000000076b300000)
  object space 167424K, 56% used [0x00000006c1800000,0x00000006c7414fc8,0x00000006cbb80000)
 Metaspace       used 54748K, capacity 57378K, committed 57640K, reserved 1099776K
  class space    used 7149K, capacity 7601K, committed 7728K, reserved 1048576K
Event: 64114.418 GC heap after
Heap after GC invocations=15908 (full 2):
 PSYoungGen      total 45056K, used 224K [0x000000076b300000, 0x000000076ed00000, 0x00000007c0000000)
  eden space 44544K, 0% used [0x000000076b300000,0x000000076b300000,0x000000076de80000)
  from space 512K, 43% used [0x000000076ec80000,0x000000076ecb8000,0x000000076ed00000)
  to   space 512K, 0% used [0x000000076ec00000,0x000000076ec00000,0x000000076ec80000)
 ParOldGen       total 167424K, used 94291K [0x00000006c1800000, 0x00000006cbb80000, 0x000000076b300000)
  object space 167424K, 56% used [0x00000006c1800000,0x00000006c7414fc8,0x00000006cbb80000)
 Metaspace       used 54748K, capacity 57378K, committed 57640K, reserved 1099776K
  class space    used 7149K, capacity 7601K, committed 7728K, reserved 1048576K
}
Event: 64118.921 GC heap before
{Heap before GC invocations=15909 (full 2):
 PSYoungGen      total 45056K, used 44768K [0x000000076b300000, 0x000000076ed00000, 0x00000007c0000000)
  eden space 44544K, 100% used [0x000000076b300000,0x000000076de80000,0x000000076de80000)
  from space 512K, 43% used [0x000000076ec80000,0x000000076ecb8000,0x000000076ed00000)
  to   space 512K, 0% used [0x000000076ec00000,0x000000076ec00000,0x000000076ec80000)
 ParOldGen       total 167424K, used 94291K [0x00000006c1800000, 0x00000006cbb80000, 0x000000076b300000)
  object space 167424K, 56% used [0x00000006c1800000,0x00000006c7414fc8,0x00000006cbb80000)
 Metaspace       used 54748K, capacity 57378K, committed 57640K, reserved 1099776K
  class space    used 7149K, capacity 7601K, committed 7728K, reserved 1048576K
Event: 64118.923 GC heap after
Heap after GC invocations=15909 (full 2):
 PSYoungGen      total 45056K, used 256K [0x000000076b300000, 0x000000076ed00000, 0x00000007c0000000)
  eden space 44544K, 0% used [0x000000076b300000,0x000000076b300000,0x000000076de80000)
  from space 512K, 50% used [0x000000076ec00000,0x000000076ec40000,0x000000076ec80000)
  to   space 512K, 0% used [0x000000076ec80000,0x000000076ec80000,0x000000076ed00000)
 ParOldGen       total 167424K, used 94291K [0x00000006c1800000, 0x00000006cbb80000, 0x000000076b300000)
  object space 167424K, 56% used [0x00000006c1800000,0x00000006c7414fc8,0x00000006cbb80000)
 Metaspace       used 54748K, capacity 57378K, committed 57640K, reserved 1099776K
  class space    used 7149K, capacity 7601K, committed 7728K, reserved 1048576K
}

